<?xml version="1.0" encoding="UTF-8"?>
<testng-results ignored="0" total="1" passed="0" failed="1" skipped="0">
  <reporter-output>
  </reporter-output>
  <suite started-at="2023-04-04T05:45:16 PDT" name="Default suite" finished-at="2023-04-04T05:45:23 PDT" duration-ms="6579">
    <groups>
    </groups>
    <test started-at="2023-04-04T05:45:16 PDT" name="Default test" finished-at="2023-04-04T05:45:23 PDT" duration-ms="6579">
      <class name="Lambda.SeleniumJava101.testScenarios.TestScenario_3">
        <test-method is-config="true" signature="launchBrowser_URL()[pri:0, instance:Lambda.SeleniumJava101.testScenarios.TestScenario_3@6e171cd7]" started-at="2023-04-04T05:45:16 PDT" name="launchBrowser_URL" finished-at="2023-04-04T05:45:20 PDT" duration-ms="3676" status="PASS">
          <reporter-output>
          </reporter-output>
        </test-method> <!-- launchBrowser_URL -->
        <test-method signature="testScenarion_3()[pri:0, instance:Lambda.SeleniumJava101.testScenarios.TestScenario_3@6e171cd7]" started-at="2023-04-04T05:45:20 PDT" name="testScenarion_3" finished-at="2023-04-04T05:45:23 PDT" duration-ms="2579" status="FAIL">
          <exception class="java.lang.AssertionError">
            <message>
              <![CDATA[expected [Thanks for contacting us, we will get back to you shortly.] but found []]]>
            </message>
            <full-stacktrace>
              <![CDATA[java.lang.AssertionError: expected [Thanks for contacting us, we will get back to you shortly.] but found []
at org.testng.Assert.fail(Assert.java:99)
at org.testng.Assert.failNotEquals(Assert.java:1037)
at org.testng.Assert.assertEqualsImpl(Assert.java:140)
at org.testng.Assert.assertEquals(Assert.java:122)
at org.testng.Assert.assertEquals(Assert.java:629)
at org.testng.Assert.assertEquals(Assert.java:639)
at Lambda.SeleniumJava101.pageClasses.InputFormPage.validate_SuccessMSG(InputFormPage.java:116)
at Lambda.SeleniumJava101.testScenarios.TestScenario_3.testScenarion_3(TestScenario_3.java:28)
at java.base/jdk.internal.reflect.NativeMethodAccessorImpl.invoke0(Native Method)
at java.base/jdk.internal.reflect.NativeMethodAccessorImpl.invoke(NativeMethodAccessorImpl.java:77)
at java.base/jdk.internal.reflect.DelegatingMethodAccessorImpl.invoke(DelegatingMethodAccessorImpl.java:43)
at java.base/java.lang.reflect.Method.invoke(Method.java:568)
at org.testng.internal.MethodInvocationHelper.invokeMethod(MethodInvocationHelper.java:133)
at org.testng.internal.TestInvoker.invokeMethod(TestInvoker.java:598)
at org.testng.internal.TestInvoker.invokeTestMethod(TestInvoker.java:173)
at org.testng.internal.MethodRunner.runInSequence(MethodRunner.java:46)
at org.testng.internal.TestInvoker$MethodInvocationAgent.invoke(TestInvoker.java:824)
at org.testng.internal.TestInvoker.invokeTestMethods(TestInvoker.java:146)
at org.testng.internal.TestMethodWorker.invokeTestMethods(TestMethodWorker.java:146)
at org.testng.internal.TestMethodWorker.run(TestMethodWorker.java:128)
at java.base/java.util.ArrayList.forEach(ArrayList.java:1511)
at org.testng.TestRunner.privateRun(TestRunner.java:794)
at org.testng.TestRunner.run(TestRunner.java:596)
at org.testng.SuiteRunner.runTest(SuiteRunner.java:377)
at org.testng.SuiteRunner.runSequentially(SuiteRunner.java:371)
at org.testng.SuiteRunner.privateRun(SuiteRunner.java:332)
at org.testng.SuiteRunner.run(SuiteRunner.java:276)
at org.testng.SuiteRunnerWorker.runSuite(SuiteRunnerWorker.java:53)
at org.testng.SuiteRunnerWorker.run(SuiteRunnerWorker.java:96)
at org.testng.TestNG.runSuitesSequentially(TestNG.java:1212)
at org.testng.TestNG.runSuitesLocally(TestNG.java:1134)
at org.testng.TestNG.runSuites(TestNG.java:1063)
at org.testng.TestNG.run(TestNG.java:1031)
at org.testng.remote.AbstractRemoteTestNG.run(AbstractRemoteTestNG.java:115)
at org.testng.remote.RemoteTestNG.initAndRun(RemoteTestNG.java:251)
at org.testng.remote.RemoteTestNG.main(RemoteTestNG.java:77)
]]>
            </full-stacktrace>
          </exception> <!-- java.lang.AssertionError -->
          <reporter-output>
          </reporter-output>
        </test-method> <!-- testScenarion_3 -->
        <test-method is-config="true" signature="closeBrowser()[pri:0, instance:Lambda.SeleniumJava101.testScenarios.TestScenario_3@6e171cd7]" started-at="2023-04-04T05:45:23 PDT" name="closeBrowser" finished-at="2023-04-04T05:45:23 PDT" duration-ms="265" status="PASS">
          <reporter-output>
          </reporter-output>
        </test-method> <!-- closeBrowser -->
      </class> <!-- Lambda.SeleniumJava101.testScenarios.TestScenario_3 -->
    </test> <!-- Default test -->
  </suite> <!-- Default suite -->
</testng-results>
